<?xml version="1.0" encoding="UTF-8"?>
<testsuites>
  <testsuite name="fastlane.lanes">
    
    
    
      
      <testcase classname="fastlane.lanes" name="00: git clean -xfd -e build -e ios/Pods -e android/.gradle || true" time="0.020286">
        
      </testcase>
    
      
      <testcase classname="fastlane.lanes" name="01: fastlane all generate_metadata" time="2.004105">
        
      </testcase>
    
      
      <testcase classname="fastlane.lanes" name="02: shell command" time="0.031314">
        
      </testcase>
    
      
      <testcase classname="fastlane.lanes" name="03: adb -s emulator-5554 wait-for-device || true" time="0.012886">
        
      </testcase>
    
      
      <testcase classname="fastlane.lanes" name="04: shell command" time="0.031863">
        
      </testcase>
    
      
      <testcase classname="fastlane.lanes" name="05: shell command" time="0.024622">
        
      </testcase>
    
      
      <testcase classname="fastlane.lanes" name="06: shell command" time="0.024628">
        
      </testcase>
    
      
      <testcase classname="fastlane.lanes" name="07: shell command" time="0.020118">
        
      </testcase>
    
      
      <testcase classname="fastlane.lanes" name="08: shell command" time="0.019515">
        
      </testcase>
    
      
      <testcase classname="fastlane.lanes" name="09: shell command" time="0.016807">
        
      </testcase>
    
      
      <testcase classname="fastlane.lanes" name="10: shell command" time="0.010315">
        
      </testcase>
    
      
      <testcase classname="fastlane.lanes" name="11: adb -s emulator-5554 shell settings put global animator_duration_scale 0 || true" time="0.024282">
        
      </testcase>
    
      
      <testcase classname="fastlane.lanes" name="12: adb -s emulator-5554 shell settings put global transition_animation_scale 0 || true" time="0.024805">
        
      </testcase>
    
      
      <testcase classname="fastlane.lanes" name="13: adb -s emulator-5554 shell settings put global window_animation_scale 0 || true" time="0.024296">
        
      </testcase>
    
      
      <testcase classname="fastlane.lanes" name="14: flutter build apk --debug" time="7.073007">
        
          <failure message="/Users/geoffreypetain/.rbenv/versions/3.1.0/lib/ruby/gems/3.1.0/gems/fastlane-2.228.0/fastlane/lib/fastlane/actions/actions_helper.rb:67:in `execute_action&apos;&#10;/Users/geoffreypetain/.rbenv/versions/3.1.0/lib/ruby/gems/3.1.0/gems/fastlane-2.228.0/fastlane/lib/fastlane/fast_file.rb:224:in `sh&apos;&#10;/Users/geoffreypetain/.rbenv/versions/3.1.0/lib/ruby/gems/3.1.0/gems/fastlane-2.228.0/fastlane/lib/fastlane/fast_file.rb:216:in `sh&apos;&#10;Fastfile:138:in `ensure_android_built_once!&apos;&#10;Fastfile:39:in `block (2 levels) in parsing_binding&apos;&#10;/Users/geoffreypetain/.rbenv/versions/3.1.0/lib/ruby/gems/3.1.0/gems/fastlane-2.228.0/fastlane/lib/fastlane/lane.rb:41:in `call&apos;&#10;/Users/geoffreypetain/.rbenv/versions/3.1.0/lib/ruby/gems/3.1.0/gems/fastlane-2.228.0/fastlane/lib/fastlane/runner.rb:49:in `block in execute&apos;&#10;/Users/geoffreypetain/.rbenv/versions/3.1.0/lib/ruby/gems/3.1.0/gems/fastlane-2.228.0/fastlane/lib/fastlane/runner.rb:45:in `chdir&apos;&#10;/Users/geoffreypetain/.rbenv/versions/3.1.0/lib/ruby/gems/3.1.0/gems/fastlane-2.228.0/fastlane/lib/fastlane/runner.rb:45:in `execute&apos;&#10;/Users/geoffreypetain/.rbenv/versions/3.1.0/lib/ruby/gems/3.1.0/gems/fastlane-2.228.0/fastlane/lib/fastlane/lane_manager.rb:46:in `cruise_lane&apos;&#10;/Users/geoffreypetain/.rbenv/versions/3.1.0/lib/ruby/gems/3.1.0/gems/fastlane-2.228.0/fastlane/lib/fastlane/command_line_handler.rb:34:in `handle&apos;&#10;/Users/geoffreypetain/.rbenv/versions/3.1.0/lib/ruby/gems/3.1.0/gems/fastlane-2.228.0/fastlane/lib/fastlane/commands_generator.rb:110:in `block (2 levels) in run&apos;&#10;/Users/geoffreypetain/.rbenv/versions/3.1.0/lib/ruby/gems/3.1.0/gems/commander-4.6.0/lib/commander/command.rb:187:in `call&apos;&#10;/Users/geoffreypetain/.rbenv/versions/3.1.0/lib/ruby/gems/3.1.0/gems/commander-4.6.0/lib/commander/command.rb:157:in `run&apos;&#10;/Users/geoffreypetain/.rbenv/versions/3.1.0/lib/ruby/gems/3.1.0/gems/commander-4.6.0/lib/commander/runner.rb:444:in `run_active_command&apos;&#10;/Users/geoffreypetain/.rbenv/versions/3.1.0/lib/ruby/gems/3.1.0/gems/fastlane-2.228.0/fastlane_core/lib/fastlane_core/ui/fastlane_runner.rb:124:in `run!&apos;&#10;/Users/geoffreypetain/.rbenv/versions/3.1.0/lib/ruby/gems/3.1.0/gems/commander-4.6.0/lib/commander/delegates.rb:18:in `run!&apos;&#10;/Users/geoffreypetain/.rbenv/versions/3.1.0/lib/ruby/gems/3.1.0/gems/fastlane-2.228.0/fastlane/lib/fastlane/commands_generator.rb:363:in `run&apos;&#10;/Users/geoffreypetain/.rbenv/versions/3.1.0/lib/ruby/gems/3.1.0/gems/fastlane-2.228.0/fastlane/lib/fastlane/commands_generator.rb:43:in `start&apos;&#10;/Users/geoffreypetain/.rbenv/versions/3.1.0/lib/ruby/gems/3.1.0/gems/fastlane-2.228.0/fastlane/lib/fastlane/cli_tools_distributor.rb:123:in `take_off&apos;&#10;/Users/geoffreypetain/.rbenv/versions/3.1.0/lib/ruby/gems/3.1.0/gems/fastlane-2.228.0/bin/fastlane:23:in `&lt;top (required)&gt;&apos;&#10;/Users/geoffreypetain/.rbenv/versions/3.1.0/bin/fastlane:25:in `load&apos;&#10;/Users/geoffreypetain/.rbenv/versions/3.1.0/bin/fastlane:25:in `&lt;main&gt;&apos;&#10;&#10;Exit status of command &apos;flutter build apk --debug&apos; was 1 instead of 0.&#10;Changing current working directory to: /Users/geoffreypetain/IdeaProjects/VocZilla-all/voczilla&#10;Resolving dependencies...&#10;Downloading packages...&#10;  _fe_analyzer_shared 85.0.0 (88.0.0 available)&#10;  _flutterfire_internals 1.3.59 (1.3.60 available)&#10;  analyzer 7.7.1 (8.1.1 available)&#10;  characters 1.4.0 (1.4.1 available)&#10;  cloud_firestore 5.6.12 (6.0.0 available)&#10;  cloud_firestore_platform_interface 6.6.12 (7.0.0 available)&#10;  cloud_firestore_web 4.4.12 (5.0.0 available)&#10;  cloud_functions 5.6.2 (6.0.0 available)&#10;  cloud_functions_platform_interface 5.8.2 (5.8.3 available)&#10;  cloud_functions_web 4.11.5 (5.0.0 available)&#10;  dart_style 3.1.1 (3.1.2 available)&#10;  firebase_analytics 11.6.0 (12.0.0 available)&#10;  firebase_analytics_platform_interface 4.4.3 (5.0.0 available)&#10;  firebase_analytics_web 0.5.10+16 (0.6.0 available)&#10;  firebase_auth 5.7.0 (6.0.1 available)&#10;  firebase_auth_platform_interface 7.7.3 (8.1.0 available)&#10;  firebase_auth_web 5.15.3 (6.0.1 available)&#10;  firebase_core 3.15.2 (4.0.0 available)&#10;  firebase_core_web 2.24.1 (3.0.0 available)&#10;  firebase_in_app_messaging 0.8.1+10 (0.9.0 available)&#10;  firebase_in_app_messaging_platform_interface 0.2.5+10 (0.2.5+11 available)&#10;  firebase_messaging 15.2.10 (16.0.0 available)&#10;  firebase_messaging_platform_interface 4.6.10 (4.7.0 available)&#10;  firebase_messaging_web 3.10.10 (4.0.0 available)&#10;  flutter_lints 5.0.0 (6.0.0 available)&#10;  flutter_secure_storage_linux 1.2.3 (2.0.1 available)&#10;  flutter_secure_storage_macos 3.1.3 (4.0.0 available)&#10;  flutter_secure_storage_platform_interface 1.1.2 (2.0.1 available)&#10;  flutter_secure_storage_web 1.2.1 (2.0.0 available)&#10;  flutter_secure_storage_windows 3.1.2 (4.0.0 available)&#10;  google_sign_in 6.3.0 (7.1.1 available)&#10;  google_sign_in_android 6.2.1 (7.0.3 available)&#10;  google_sign_in_ios 5.9.0 (6.1.0 available)&#10;  google_sign_in_platform_interface 2.5.0 (3.0.0 available)&#10;  google_sign_in_web 0.12.4+4 (1.0.0 available)&#10;  js 0.6.7 (0.7.2 available)&#10;  lints 5.1.1 (6.0.0 available)&#10;  material_color_utilities 0.11.1 (0.13.0 available)&#10;  meta 1.16.0 (1.17.0 available)&#10;  petitparser 6.1.0 (7.0.1 available)&#10;  sign_in_button 3.2.0 (4.0.1 available)&#10;  test 1.26.2 (1.26.3 available)&#10;  test_api 0.7.6 (0.7.7 available)&#10;  test_core 0.6.11 (0.6.12 available)&#10;  xml 6.5.0 (6.6.1 available)&#10;Got dependencies!&#10;45 packages have newer versions incompatible with dependency constraints.&#10;Try `flutter pub outdated` for more information.&#10;Running Gradle task &apos;assembleDebug&apos;...                          &#10;lib/ui/screens/subscription_screen.dart:84:45: Error: &apos;ProductDetails&apos; isn&apos;t a type.&#10;                final sortedProducts = List&lt;ProductDetails&gt;.from(state.products)&#10;                                            ^^^^^^^^^^^^^^&#10;lib/ui/screens/subscription_screen.dart:85:38: Error: The getter &apos;price&apos; isn&apos;t defined for the type &apos;Object?&apos;.&#10; - &apos;Object&apos; is from &apos;dart:core&apos;.&#10;Try correcting the name to the name of an existing getter, or defining a getter or field named &apos;price&apos;.&#10;                  ..sort((a, b) =&gt; a.price.compareTo(b.price));&#10;                                     ^^^^^&#10;lib/ui/screens/subscription_screen.dart:85:56: Error: The getter &apos;price&apos; isn&apos;t defined for the type &apos;Object?&apos;.&#10; - &apos;Object&apos; is from &apos;dart:core&apos;.&#10;Try correcting the name to the name of an existing getter, or defining a getter or field named &apos;price&apos;.&#10;                  ..sort((a, b) =&gt; a.price.compareTo(b.price));&#10;                                                       ^^^^^&#10;lib/ui/screens/subscription_screen.dart:97:55: Error: The getter &apos;idSubscriptionMensuel&apos; isn&apos;t defined for the type &apos;_SubscriptionScreenState&apos;.&#10; - &apos;_SubscriptionScreenState&apos; is from &apos;package:vobzilla/ui/screens/subscription_screen.dart&apos; (&apos;lib/ui/screens/subscription_screen.dart&apos;).&#10;Try correcting the name to the name of an existing getter, or defining a getter or field named &apos;idSubscriptionMensuel&apos;.&#10;                      final isMensuel = product.id == idSubscriptionMensuel;&#10;                                                      ^^^^^^^^^^^^^^^^^^^^^&#10;lib/logic/blocs/purchase/purchase_bloc.dart:87:65: Error: Can&apos;t find &apos;}&apos; to match &apos;{&apos;.&#10;      PurchaseUpdated event, Emitter&lt;PurchaseState&gt; emit) async {&#10;                                                                ^&#10;lib/logic/blocs/purchase/purchase_bloc.dart:10:63: Error: Can&apos;t find &apos;}&apos; to match &apos;{&apos;.&#10;class PurchaseBloc extends Bloc&lt;PurchaseEvent, PurchaseState&gt; {&#10;                                                              ^&#10;lib/logic/blocs/purchase/purchase_bloc.dart:20:34: Error: The getter &apos;_onCheckActiveSubscriptions&apos; isn&apos;t defined for the type &apos;PurchaseBloc&apos;.&#10; - &apos;PurchaseBloc&apos; is from &apos;package:vobzilla/logic/blocs/purchase/purchase_bloc.dart&apos; (&apos;lib/logic/blocs/purchase/purchase_bloc.dart&apos;).&#10;Try correcting the name to the name of an existing getter, or defining a getter or field named &apos;_onCheckActiveSubscriptions&apos;.&#10;    on&lt;CheckActiveSubscriptions&gt;(_onCheckActiveSubscriptions);&#10;                                 ^^^^^^^^^^^^^^^^^^^^^^^^^^^&#10;lib/logic/blocs/purchase/purchase_bloc.dart:21:24: Error: The getter &apos;_onPurchaseFailed&apos; isn&apos;t defined for the type &apos;PurchaseBloc&apos;.&#10; - &apos;PurchaseBloc&apos; is from &apos;package:vobzilla/logic/blocs/purchase/purchase_bloc.dart&apos; (&apos;lib/logic/blocs/purchase/purchase_bloc.dart&apos;).&#10;Try correcting the name to the name of an existing getter, or defining a getter or field named &apos;_onPurchaseFailed&apos;.&#10;    on&lt;PurchaseFailed&gt;(_onPurchaseFailed);&#10;                       ^^^^^^^^^^^^^^^^^&#10;lib/logic/blocs/purchase/purchase_bloc.dart:44:26: Error: The getter &apos;idSubscriptionMensuel&apos; isn&apos;t defined for the type &apos;PurchaseBloc&apos;.&#10; - &apos;PurchaseBloc&apos; is from &apos;package:vobzilla/logic/blocs/purchase/purchase_bloc.dart&apos; (&apos;lib/logic/blocs/purchase/purchase_bloc.dart&apos;).&#10;Try correcting the name to the name of an existing getter, or defining a getter or field named &apos;idSubscriptionMensuel&apos;.&#10;    final ids = &lt;String&gt;{idSubscriptionMensuel, idSubscriptionAnnuel};&#10;                         ^^^^^^^^^^^^^^^^^^^^^&#10;lib/logic/blocs/purchase/purchase_bloc.dart:44:49: Error: The getter &apos;idSubscriptionAnnuel&apos; isn&apos;t defined for the type &apos;PurchaseBloc&apos;.&#10; - &apos;PurchaseBloc&apos; is from &apos;package:vobzilla/logic/blocs/purchase/purchase_bloc.dart&apos; (&apos;lib/logic/blocs/purchase/purchase_bloc.dart&apos;).&#10;Try correcting the name to the name of an existing getter, or defining a getter or field named &apos;idSubscriptionAnnuel&apos;.&#10;    final ids = &lt;String&gt;{idSubscriptionMensuel, idSubscriptionAnnuel};&#10;                                                ^^^^^^^^^^^^^^^^^^^^&#10;Target kernel_snapshot_program failed: Exception&#10;&#10;&#10;FAILURE: Build failed with an exception.&#10;&#10;* What went wrong:&#10;Execution failed for task &apos;:app:compileFlutterBuildDebug&apos;.&#10;&gt; Process &apos;command &apos;/Users/geoffreypetain/development/flutter/bin/flutter&apos;&apos; finished with non-zero exit value 1&#10;&#10;* Try:&#10;&gt; Run with --stacktrace option to get the stack trace.&#10;&gt; Run with --info or --debug option to get more log output.&#10;&gt; Run with --scan to get full insights.&#10;&gt; Get more help at https://help.gradle.org.&#10;&#10;BUILD FAILED in 4s&#10;Running Gradle task &apos;assembleDebug&apos;...                              4,3s&#10;Gradle task assembleDebug failed with exit code 1&#10;" />
        
      </testcase>
    
  </testsuite>
</testsuites>
